<?xml version="1.0" encoding="UTF-8"?>
<!-- Generated by org.testng.reporters.JUnitReportReporter -->
<testsuite skipped="0" hostname="Abhresh" name="module7.NewTest" tests="3" failures="0" timestamp="08 Apr 2018 16:36:35 GMT" time="0.025" errors="0">
  <testcase name="Valerie" time="0.004" classname="module7.NewTest"/>
  <testcase name="Priya" time="0.018" classname="module7.NewTest"/>
  <testcase name="Vani" time="0.003" classname="module7.NewTest"/>
</testsuite> <!-- module7.NewTest -->
