<?xml version="1.0" encoding="UTF-8"?>
<!-- Generated by org.testng.reporters.JUnitReportReporter -->
<testsuite skipped="0" hostname="Abhresh" name="module7.Sample2" tests="3" failures="0" timestamp="08 Apr 2018 17:24:17 GMT" time="25.125" errors="0">
  <testcase name="OpenApp" time="8.529" classname="module7.Sample2"/>
  <testcase name="LogIn" time="11.716" classname="module7.Sample2"/>
  <testcase name="LogOut" time="4.880" classname="module7.Sample2"/>
</testsuite> <!-- module7.Sample2 -->
