<?xml version="1.0" encoding="UTF-8"?>
<!-- Generated by org.testng.reporters.JUnitReportReporter -->
<testsuite skipped="0" hostname="Abhresh" name="module7.groupExamples" tests="3" failures="0" timestamp="08 Apr 2018 17:34:23 GMT" time="0.040" errors="0">
  <testcase name="testCaseOne" time="0.002" classname="module7.groupExamples"/>
  <testcase name="testCaseTwo" time="0.008" classname="module7.groupExamples"/>
  <testcase name="testCaseFour" time="0.030" classname="module7.groupExamples"/>
</testsuite> <!-- module7.groupExamples -->
