<?xml version="1.0" encoding="UTF-8"?>
<!-- Generated by org.testng.reporters.JUnitReportReporter -->
<testsuite skipped="0" hostname="Abhresh" name="module7.Sample1" tests="1" failures="0" timestamp="08 Apr 2018 16:24:54 GMT" time="13.102" errors="0">
  <testcase name="LogIn" time="13.102" classname="module7.Sample1"/>
</testsuite> <!-- module7.Sample1 -->
