<?xml version="1.0" encoding="UTF-8"?>
<!-- Generated by org.testng.reporters.JUnitReportReporter -->
<testsuite skipped="0" hostname="Abhresh" name="module7.Parameterization" tests="2" failures="0" timestamp="08 Apr 2018 17:41:19 GMT" time="0.022" errors="0">
  <testcase name="ParameterisingTest" time="0.003" classname="module7.Parameterization"/>
  <testcase name="ParameterisingTest" time="0.019" classname="module7.Parameterization"/>
</testsuite> <!-- module7.Parameterization -->
