<?xml version="1.0" encoding="UTF-8"?>
<!-- Generated by org.testng.reporters.JUnitReportReporter -->
<testsuite skipped="0" hostname="Abhresh" name="module9.DDT.DataDrivenTest" tests="10" failures="0" timestamp="15 Apr 2018 15:57:18 GMT" time="44.251" errors="0">
  <testcase name="TestChrome" time="4.366" classname="module9.DDT.DataDrivenTest"/>
  <testcase name="TestChrome" time="4.392" classname="module9.DDT.DataDrivenTest"/>
  <testcase name="TestChrome" time="4.745" classname="module9.DDT.DataDrivenTest"/>
  <testcase name="TestChrome" time="4.372" classname="module9.DDT.DataDrivenTest"/>
  <testcase name="TestChrome" time="4.372" classname="module9.DDT.DataDrivenTest"/>
  <testcase name="TestChrome" time="4.390" classname="module9.DDT.DataDrivenTest"/>
  <testcase name="TestChrome" time="4.360" classname="module9.DDT.DataDrivenTest"/>
  <testcase name="TestChrome" time="4.387" classname="module9.DDT.DataDrivenTest"/>
  <testcase name="TestChrome" time="4.396" classname="module9.DDT.DataDrivenTest"/>
  <testcase name="TestChrome" time="4.471" classname="module9.DDT.DataDrivenTest"/>
</testsuite> <!-- module9.DDT.DataDrivenTest -->
