<?xml version="1.0" encoding="UTF-8"?>
<!-- Generated by org.testng.reporters.JUnitReportReporter -->
<testsuite skipped="0" hostname="Abhresh" name="module7.sample" tests="4" failures="0" timestamp="14 Apr 2018 15:26:19 GMT" time="26.124" errors="0">
  <testcase name="OpenApp" time="7.727" classname="module7.sample"/>
  <testcase name="LogIn" time="13.634" classname="module7.sample"/>
  <testcase name="LogOut" time="4.351" classname="module7.sample"/>
  <testcase name="TakeScreenshot" time="0.412" classname="module7.sample"/>
</testsuite> <!-- module7.sample -->
